0 info it worked if it ends with ok
1 verbose cli [ 'C:\\Program Files\\nodejs\\\\node.exe',
1 verbose cli   'C:\\Program Files\\nodejs\\node_modules\\npm\\bin\\npm-cli.js',
1 verbose cli   'i',
1 verbose cli   'nodemon',
1 verbose cli   '-g' ]
2 info using npm@2.15.1
3 info using node@v0.10.48
4 verbose install initial load of C:\Program Files\nodejs\package.json
5 verbose readDependencies loading dependencies from C:\Program Files\nodejs\package.json
6 silly cache add args [ 'nodemon', null ]
7 verbose cache add spec nodemon
8 silly cache add parsed spec { raw: 'nodemon',
8 silly cache add   scope: null,
8 silly cache add   name: 'nodemon',
8 silly cache add   rawSpec: '',
8 silly cache add   spec: 'latest',
8 silly cache add   type: 'tag' }
9 silly addNamed nodemon@latest
10 verbose addNamed "latest" is being treated as a dist-tag for nodemon
11 info addNameTag [ 'nodemon', 'latest' ]
12 silly mapToRegistry name nodemon
13 silly mapToRegistry using default registry
14 silly mapToRegistry registry https://registry.npmmirror.com/
15 silly mapToRegistry data { raw: 'nodemon',
15 silly mapToRegistry   scope: null,
15 silly mapToRegistry   name: 'nodemon',
15 silly mapToRegistry   rawSpec: '',
15 silly mapToRegistry   spec: 'latest',
15 silly mapToRegistry   type: 'tag' }
16 silly mapToRegistry uri https://registry.npmmirror.com/nodemon
17 verbose addNameTag registry:https://registry.npmmirror.com/nodemon not in flight; fetching
18 verbose request uri https://registry.npmmirror.com/nodemon
19 verbose request no auth needed
20 info attempt registry request try #1 at 21:35:58
21 verbose request id 1bb0c7befa3cc1ac
22 http request GET https://registry.npmmirror.com/nodemon
23 http 200 https://registry.npmmirror.com/nodemon
24 verbose headers { server: 'Tengine',
24 verbose headers   'content-type': 'application/json; charset=utf-8',
24 verbose headers   'content-length': '103659',
24 verbose headers   connection: 'keep-alive',
24 verbose headers   'strict-transport-security': 'max-age=5184000',
24 verbose headers   date: 'Fri, 18 Nov 2022 13:36:01 GMT',
24 verbose headers   vary: 'Origin, Accept, Accept-Encoding',
24 verbose headers   'request-id': 'f0e5cdb0-6745-11ed-9fba-7d842d7ea23e',
24 verbose headers   etag: 'W/"d0a00c0d5a6bdb0ee2d9d284604bda0faf6a5cd6"',
24 verbose headers   'cache-control': 'public, max-age=300',
24 verbose headers   'x-frame-options': 'SAMEORIGIN',
24 verbose headers   'x-xss-protection': '1; mode=block',
24 verbose headers   'x-content-type-options': 'nosniff',
24 verbose headers   'x-download-options': 'noopen',
24 verbose headers   'x-readtime': '55.504',
24 verbose headers   via: 'cn44.l1, kunlun3.cn44, l2cn1837.l2, cache73.l2cn1837, npmmirror-x86-20220823001, cache73.l2cn1837[85,95,304-0,M], cache26.l2cn1837[98,0], kunlun3.cn44[111,112,200-0,H], kunlun7.cn44[118,0]',
24 verbose headers   'ali-swift-global-savetime': '1668778561',
24 verbose headers   'content-encoding': 'gzip',
24 verbose headers   age: '0',
24 verbose headers   'x-cache': 'HIT TCP_REFRESH_HIT dirn:11:628770229',
24 verbose headers   'x-swift-savetime': 'Fri, 18 Nov 2022 13:36:01 GMT',
24 verbose headers   'x-swift-cachetime': '120',
24 verbose headers   'timing-allow-origin': '*',
24 verbose headers   eagleid: '7d4cf7a516687785609996090e' }
25 silly get cb [ 200,
25 silly get   { server: 'Tengine',
25 silly get     'content-type': 'application/json; charset=utf-8',
25 silly get     'content-length': '103659',
25 silly get     connection: 'keep-alive',
25 silly get     'strict-transport-security': 'max-age=5184000',
25 silly get     date: 'Fri, 18 Nov 2022 13:36:01 GMT',
25 silly get     vary: 'Origin, Accept, Accept-Encoding',
25 silly get     'request-id': 'f0e5cdb0-6745-11ed-9fba-7d842d7ea23e',
25 silly get     etag: 'W/"d0a00c0d5a6bdb0ee2d9d284604bda0faf6a5cd6"',
25 silly get     'cache-control': 'public, max-age=300',
25 silly get     'x-frame-options': 'SAMEORIGIN',
25 silly get     'x-xss-protection': '1; mode=block',
25 silly get     'x-content-type-options': 'nosniff',
25 silly get     'x-download-options': 'noopen',
25 silly get     'x-readtime': '55.504',
25 silly get     via: 'cn44.l1, kunlun3.cn44, l2cn1837.l2, cache73.l2cn1837, npmmirror-x86-20220823001, cache73.l2cn1837[85,95,304-0,M], cache26.l2cn1837[98,0], kunlun3.cn44[111,112,200-0,H], kunlun7.cn44[118,0]',
25 silly get     'ali-swift-global-savetime': '1668778561',
25 silly get     'content-encoding': 'gzip',
25 silly get     age: '0',
25 silly get     'x-cache': 'HIT TCP_REFRESH_HIT dirn:11:628770229',
25 silly get     'x-swift-savetime': 'Fri, 18 Nov 2022 13:36:01 GMT',
25 silly get     'x-swift-cachetime': '120',
25 silly get     'timing-allow-origin': '*',
25 silly get     eagleid: '7d4cf7a516687785609996090e' } ]
26 verbose get saving nodemon to C:\Users\Chen41\AppData\Roaming\npm-cache\registry.npmmirror.com\nodemon\.cache.json
27 verbose correctMkdir C:\Users\Chen41\AppData\Roaming\npm-cache correctMkdir not in flight; initializing
28 silly addNameTag next cb for nodemon with tag latest
29 silly addNamed nodemon@2.0.20
30 verbose addNamed "2.0.20" is a plain semver version for nodemon
31 silly mapToRegistry name nodemon
32 silly mapToRegistry using default registry
33 silly mapToRegistry registry https://registry.npmmirror.com/
34 silly mapToRegistry data { raw: 'nodemon',
34 silly mapToRegistry   scope: null,
34 silly mapToRegistry   name: 'nodemon',
34 silly mapToRegistry   rawSpec: '',
34 silly mapToRegistry   spec: 'latest',
34 silly mapToRegistry   type: 'tag' }
35 silly mapToRegistry uri https://registry.npmmirror.com/nodemon
36 verbose addRemoteTarball https://registry.npmmirror.com/nodemon/-/nodemon-2.0.20.tgz not in flight; adding
37 verbose addRemoteTarball [ 'https://registry.npmmirror.com/nodemon/-/nodemon-2.0.20.tgz',
37 verbose addRemoteTarball   'e3537de768a492e8d74da5c5813cb0c7486fc701' ]
38 info retry fetch attempt 1 at 21:36:01
39 info attempt registry request try #1 at 21:36:01
40 http fetch GET https://registry.npmmirror.com/nodemon/-/nodemon-2.0.20.tgz
41 http fetch 200 https://registry.npmmirror.com/nodemon/-/nodemon-2.0.20.tgz
42 silly fetchAndShaCheck shasum e3537de768a492e8d74da5c5813cb0c7486fc701
43 verbose addTmpTarball C:\Users\Chen41\AppData\Local\Temp\npm-18692-4ad430fd\registry.npmmirror.com\nodemon\-\nodemon-2.0.20.tgz not in flight; adding
44 verbose addTmpTarball already have metadata; skipping unpack for nodemon@2.0.20
45 verbose correctMkdir C:\Users\Chen41\AppData\Roaming\npm-cache correctMkdir not in flight; initializing
46 silly cache afterAdd nodemon@2.0.20
47 verbose afterAdd C:\Users\Chen41\AppData\Roaming\npm-cache\nodemon\2.0.20\package\package.json not in flight; writing
48 verbose correctMkdir C:\Users\Chen41\AppData\Roaming\npm-cache correctMkdir not in flight; initializing
49 verbose afterAdd C:\Users\Chen41\AppData\Roaming\npm-cache\nodemon\2.0.20\package\package.json written
50 silly install resolved [ { name: 'nodemon',
50 silly install resolved     homepage: 'https://nodemon.io',
50 silly install resolved     author: { name: 'Remy Sharp', url: 'https://github.com/remy' },
50 silly install resolved     bin: { nodemon: 'bin/nodemon.js' },
50 silly install resolved     engines: { node: '>=8.10.0' },
50 silly install resolved     repository: { type: 'git', url: 'git+https://github.com/remy/nodemon.git' },
50 silly install resolved     description: 'Simple monitor script for use during development of a Node.js app.',
50 silly install resolved     keywords:
50 silly install resolved      [ 'cli',
50 silly install resolved        'monitor',
50 silly install resolved        'monitor',
50 silly install resolved        'development',
50 silly install resolved        'restart',
50 silly install resolved        'autoload',
50 silly install resolved        'reload',
50 silly install resolved        'terminal' ],
50 silly install resolved     license: 'MIT',
50 silly install resolved     main: './lib/nodemon',
50 silly install resolved     scripts:
50 silly install resolved      { commitmsg: 'commitlint -e',
50 silly install resolved        coverage: 'istanbul cover _mocha -- --timeout 30000 --ui bdd --reporter list test/**/*.test.js',
50 silly install resolved        lint: 'eslint lib/**/*.js',
50 silly install resolved        test: 'npm run lint && npm run spec',
50 silly install resolved        spec: 'for FILE in test/**/*.test.js; do echo $FILE; TEST=1 mocha --exit --timeout 30000 $FILE; if [ $? -ne 0 ]; then exit 1; fi; sleep 1; done',
50 silly install resolved        postspec: 'npm run clean',
50 silly install resolved        clean: 'rm -rf test/fixtures/test*.js test/fixtures/test*.md',
50 silly install resolved        web: 'node web',
50 silly install resolved        'semantic-release': 'semantic-release',
50 silly install resolved        prepush: 'npm run lint',
50 silly install resolved        killall: 'ps auxww | grep node | grep -v grep | awk \'{ print $2 }\' | xargs kill -9' },
50 silly install resolved     devDependencies:
50 silly install resolved      { '@commitlint/cli': '^11.0.0',
50 silly install resolved        '@commitlint/config-conventional': '^11.0.0',
50 silly install resolved        async: '1.4.2',
50 silly install resolved        'coffee-script': '~1.7.1',
50 silly install resolved        eslint: '^7.32.0',
50 silly install resolved        husky: '^7.0.4',
50 silly install resolved        mocha: '^2.5.3',
50 silly install resolved        nyc: '^15.1.0',
50 silly install resolved        proxyquire: '^1.8.0',
50 silly install resolved        'semantic-release': '^18.0.0',
50 silly install resolved        should: '~4.0.0' },
50 silly install resolved     dependencies:
50 silly install resolved      { chokidar: '^3.5.2',
50 silly install resolved        debug: '^3.2.7',
50 silly install resolved        'ignore-by-default': '^1.0.1',
50 silly install resolved        minimatch: '^3.1.2',
50 silly install resolved        'pstree.remy': '^1.1.8',
50 silly install resolved        semver: '^5.7.1',
50 silly install resolved        'simple-update-notifier': '^1.0.7',
50 silly install resolved        'supports-color': '^5.5.0',
50 silly install resolved        touch: '^3.1.0',
50 silly install resolved        undefsafe: '^2.0.5' },
50 silly install resolved     version: '2.0.20',
50 silly install resolved     funding:
50 silly install resolved      { type: 'opencollective',
50 silly install resolved        url: 'https://opencollective.com/nodemon' },
50 silly install resolved     gitHead: 'e099e91cb6ff9cbb7912af86d22b91cd855a1ad0',
50 silly install resolved     bugs: { url: 'https://github.com/remy/nodemon/issues' },
50 silly install resolved     _id: 'nodemon@2.0.20',
50 silly install resolved     _nodeVersion: '14.20.0',
50 silly install resolved     _npmVersion: '7.24.2',
50 silly install resolved     dist:
50 silly install resolved      { integrity: 'sha512-Km2mWHKKY5GzRg6i1j5OxOHQtuvVsgskLfigG25yTtbyfRGn/GNvIbRyOf1PSCKJ2aT/58TiuUsuOU5UToVViw==',
50 silly install resolved        shasum: 'e3537de768a492e8d74da5c5813cb0c7486fc701',
50 silly install resolved        tarball: 'https://registry.npmmirror.com/nodemon/-/nodemon-2.0.20.tgz',
50 silly install resolved        fileCount: 39,
50 silly install resolved        unpackedSize: 202577,
50 silly install resolved        signatures: [Object],
50 silly install resolved        'npm-signature': '-----BEGIN PGP SIGNATURE-----\r\nVersion: OpenPGP.js v4.10.10\r\nComment: https://openpgpjs.org\r\n\r\nwsFzBAEBCAAGBQJjJGgYACEJED1NWxICdlZqFiEECWMYAoorWMhJKdjhPU1b\r\nEgJ2Vmol8Q//UYofoeb5RwjU9Az/LS2VvNfSLDpvm8dVctLYndhndie9z7bD\r\nY0WN3S9IinWXiV40qygdKI0yYv03inPRrW3HJyD3cG4gafpioXYG7LTeBUmF\r\nf17Imw6JbjgxoPFJGzojIt+j+3GfSBQcgTk4+fxO7Jx2SuKZ1B4R9mZ7bmek\r\ncwapqxO0DNrG/B0tV8M0YRJKw1e2DI57wMTTAJIyyiHHO2rzJrbFjljXYPPZ\r\nIMGaRAgcq7aRXcJlemuvLxe2iqpIrGJUfF5+KVWkTQ485ZrcUshq3L2XBYlE\r\n/1q0bzDsuinWTpkEWH5QlgyyRDevOAUd9tU4WQrbyAtw+BCuCWoWVG0h571l\r\nd8+10AEm3U3zOOOTtZy/CcUnn6E7KDjzv85uIMqcQ7IOUlxl+hnpWRFELzgD\r\nTDWgmhQ4gFJVTyHKI7rRM6SizkD3F8u/FYPa/0iRM7X9RHBNSlwgJpArwoA3\r\ny8Ejjd3MlufNFaYKNzSfLvG4QsAhv5mehIOTKU6w3Wwd6yRxepAUylFOpugW\r\nq+u794XXwxSbQixQoUTzklUFtTfB+piO58i8CjRWPgX1DhoMXv0VbX0DP0QV\r\n1lrTGyBHuASOAqhR78maZ1bHBD4DisqB74fZ477+pfdoQ8MHV+rwUIq889RB\r\nfiSEZEIfw/qXgacA+WqJpoimUOlXiJoj50g=\r\n=Y2+M\r\n-----END PGP SIGNATURE-----\r\n',
50 silly install resolved        size: 57721 },
50 silly install resolved     _npmUser: { name: 'remy', email: 'remy@leftlogic.com' },
50 silly install resolved     directories: {},
50 silly install resolved     maintainers: [ [Object] ],
50 silly install resolved     _npmOperationalInternal:
50 silly install resolved      { host: 's3://npm-registry-packages',
50 silly install resolved        tmp: 'tmp/nodemon_2.0.20_1663330328690_0.5375453486202777' },
50 silly install resolved     _hasShrinkwrap: false,
50 silly install resolved     _cnpmcore_publish_time: '2022-09-16T12:26:40.898Z',
50 silly install resolved     _shasum: 'e3537de768a492e8d74da5c5813cb0c7486fc701',
50 silly install resolved     _resolved: 'https://registry.npmmirror.com/nodemon/-/nodemon-2.0.20.tgz',
50 silly install resolved     _from: 'nodemon@latest' } ]
51 info install nodemon@2.0.20 into C:\Program Files\nodejs
52 info installOne nodemon@2.0.20
53 verbose installOne of nodemon to C:\Program Files\nodejs not in flight; installing
54 verbose correctMkdir C:\Users\Chen41\AppData\Roaming\npm-cache\_locks correctMkdir not in flight; initializing
55 verbose lock using C:\Users\Chen41\AppData\Roaming\npm-cache\_locks\nodemon-aaf29fd8db928523.lock for C:\Program Files\nodejs\node_modules\nodemon
56 warn engine nodemon@2.0.20: wanted: {"node":">=8.10.0"} (current: {"node":"0.10.48","npm":"2.15.1"})
57 silly install write writing nodemon 2.0.20 to C:\Program Files\nodejs\node_modules\nodemon
58 verbose unbuild node_modules\nodemon
59 silly gentlyRm C:\Program Files\nodejs\node_modules\nodemon is being purged from base C:\Program Files\nodejs
60 verbose gentlyRm don't care about contents; nuking C:\Program Files\nodejs\node_modules\nodemon
61 verbose tar unpack C:\Users\Chen41\AppData\Roaming\npm-cache\nodemon\2.0.20\package.tgz
62 verbose tar unpacking to C:\Program Files\nodejs\node_modules\nodemon
63 silly gentlyRm C:\Program Files\nodejs\node_modules\nodemon is being purged
64 verbose gentlyRm don't care about contents; nuking C:\Program Files\nodejs\node_modules\nodemon
65 silly gunzTarPerm modes [ '777', '666' ]
66 error tar.unpack untar error C:\Users\Chen41\AppData\Roaming\npm-cache\nodemon\2.0.20\package.tgz
67 verbose unlock done using C:\Users\Chen41\AppData\Roaming\npm-cache\_locks\nodemon-aaf29fd8db928523.lock for C:\Program Files\nodejs\node_modules\nodemon
68 verbose fstream_path C:\Program Files\nodejs\node_modules\nodemon
69 verbose fstream_type Directory
70 verbose fstream_class DirWriter
71 verbose stack Error: EPERM, mkdir 'C:\Program Files\nodejs\node_modules\nodemon'
72 verbose fstream_stack C:\Program Files\nvm\v0.10.48\node_modules\npm\node_modules\fstream\lib\dir-writer.js:35:25
72 verbose fstream_stack C:\Program Files\nvm\v0.10.48\node_modules\npm\node_modules\mkdirp\index.js:47:53
72 verbose fstream_stack Object.oncomplete (fs.js:108:15)
73 verbose cwd D:\island
74 error Windows_NT 10.0.19044
75 error argv "C:\\Program Files\\nodejs\\\\node.exe" "C:\\Program Files\\nodejs\\node_modules\\npm\\bin\\npm-cli.js" "i" "nodemon" "-g"
76 error node v0.10.48
77 error npm  v2.15.1
78 error path C:\Program Files\nodejs\node_modules\nodemon
79 error code EPERM
80 error errno 50
81 error Error: EPERM, mkdir 'C:\Program Files\nodejs\node_modules\nodemon'
81 error  { [Error: EPERM, mkdir 'C:\Program Files\nodejs\node_modules\nodemon']
81 error   errno: 50,
81 error   code: 'EPERM',
81 error   path: 'C:\\Program Files\\nodejs\\node_modules\\nodemon',
81 error   fstream_type: 'Directory',
81 error   fstream_path: 'C:\\Program Files\\nodejs\\node_modules\\nodemon',
81 error   fstream_class: 'DirWriter',
81 error   fstream_stack:
81 error    [ 'C:\\Program Files\\nvm\\v0.10.48\\node_modules\\npm\\node_modules\\fstream\\lib\\dir-writer.js:35:25',
81 error      'C:\\Program Files\\nvm\\v0.10.48\\node_modules\\npm\\node_modules\\mkdirp\\index.js:47:53',
81 error      'Object.oncomplete (fs.js:108:15)' ] }
82 error Please try running this command again as root/Administrator.
83 verbose exit [ 50, true ]
84 verbose unbuild node_modules\nodemon
85 silly gentlyRm C:\Program Files\nodejs\node_modules\nodemon is being purged from base C:\Program Files\nodejs
86 verbose gentlyRm don't care about contents; nuking C:\Program Files\nodejs\node_modules\nodemon
